2024-08-08 15:30:57 INFO: Listed filesss in directory .
2024-08-08 15:31:15 INFO: Deleted file hi.txt
2024-08-08 15:31:32 INFO: Listed filesss in directory .
2024-08-08 15:31:37 INFO: Exited the application
2024-08-08 17:18:50 INFO: Listed filesss in directory .
2024-08-08 17:19:05 INFO: Created file hi.txt
2024-08-08 17:19:24 INFO: Listed filesss in directory .
2024-08-08 17:19:37 INFO: Deleted file hi.txt
2024-08-08 17:19:40 INFO: Listed filesss in directory .
2024-08-08 17:19:46 INFO: Exited the application
2024-08-09 12:06:15 INFO: Listed filesss in directory .
2024-08-09 12:06:35 INFO: Created file hi.txt
2024-08-09 12:06:39 INFO: Listed filesss in directory .
2024-08-09 12:07:02 INFO: Copied file from hi.txt to hello.txt
2024-08-09 12:07:06 INFO: Listed filesss in directory .
2024-08-09 12:07:30 INFO: Moved file from hello.txt to hi2.txt
2024-08-09 12:07:33 INFO: Listed filesss in directory .
2024-08-09 12:08:07 INFO: Listed filesss in directory .
2024-08-09 12:08:29 INFO: Listed filesss in directory .
2024-08-09 12:08:41 INFO: Listed filesss in directory .
2024-08-09 12:08:56 INFO: Deleted file hi.txt
2024-08-09 12:08:59 INFO: Listed filesss in directory .
2024-08-09 12:09:09 INFO: Deleted file hi2.txt
2024-08-09 12:09:11 INFO: Listed filesss in directory .
2024-08-09 12:09:18 INFO: Exited the application
2024-08-09 12:41:57 INFO: Listed filesss in directory .
2024-08-09 12:42:02 INFO: Changed directory to  test
2024-08-09 12:42:30 INFO: Changed directory to  test
2024-08-09 12:42:43 INFO: Changed directory to  test
2024-08-09 12:43:29 INFO: Changed directory to  test
2024-08-09 12:43:55 INFO: Changed directory to  test
2024-08-09 14:27:07 INFO: Listed filesss in directory .
2024-08-09 14:27:20 INFO: Listed filesss in directory .
2024-08-09 14:27:29 INFO: Listed filesss in directory .
2024-08-09 14:27:47 INFO: Listed filesss in directory .
2024-08-09 14:28:00 INFO: Exited the application
2024-08-09 14:30:10 INFO: Deleted file tset_dir/file1.txt
2024-08-09 14:30:28 INFO: Deleted file test_dir/file1.txt
2024-08-09 14:30:36 INFO: Exited the application
2024-08-09 15:03:51 INFO: Listed filesss in directory .
2024-08-09 15:03:59 INFO: Listed filesss in directory .
2024-08-09 15:04:09 INFO: Listed filesss in directory .
2024-08-09 15:04:19 INFO: Changed directory to  test_dir
2024-08-09 15:04:24 INFO: Listed filesss in directory ./test_dir
2024-08-09 15:04:30 INFO: Listed filesss in directory ./test_dir
2024-08-09 15:04:49 INFO: Listed filesss in directory ./test_dir
2024-08-09 15:05:05 INFO: Created file hi.txt
2024-08-09 15:05:10 ERROR: Failed to change directory to  ..
2024-08-09 15:05:16 INFO: Listed filesss in directory ./test_dir
2024-08-09 15:05:51 ERROR: Failed to change directory to  .
2024-08-09 15:05:57 ERROR: Failed to change directory to  ./
2024-08-09 15:08:37 INFO: Exited the application
2024-08-09 15:13:45 INFO: Listed filesss in directory .
2024-08-09 15:13:52 INFO: Changed directory to  test_dir
2024-08-09 15:13:55 INFO: Listed filesss in directory ./test_dir
2024-08-09 15:13:59 INFO: Changed directory to  ..
2024-08-09 15:14:04 INFO: Listed filesss in directory .
2024-08-09 15:14:40 INFO: Changed directory to  .
2024-08-09 15:14:43 INFO: Listed filesss in directory ./.
2024-08-09 15:14:48 INFO: Changed directory to  /
2024-08-09 15:14:51 INFO: Listed filesss in directory /
2024-08-09 15:14:59 INFO: Changed directory to  /.
2024-08-09 15:15:01 INFO: Listed filesss in directory /.
2024-08-09 15:15:08 INFO: Changed directory to  ..
2024-08-09 15:15:11 INFO: Listed filesss in directory /
2024-08-09 15:15:18 INFO: Changed directory to  .
2024-08-09 15:15:23 INFO: Exited the application
2024-08-09 15:15:41 INFO: Listed filesss in directory .
2024-08-09 15:15:51 INFO: Listed filesss in directory .
2024-08-09 15:16:37 INFO: Changed directory to  .
2024-08-09 15:16:43 INFO: Listed filesss in directory ./.
2024-08-09 15:16:53 INFO: Changed directory to  test_dir
2024-08-09 15:16:57 INFO: Listed filesss in directory ././test_dir
2024-08-09 15:17:05 ERROR: Failed to change directory to  ./
2024-08-09 15:17:10 INFO: Exited the application
2024-08-09 15:29:47 INFO: Listed files in directory .
2024-08-09 15:30:06 INFO: Created file test.txt
2024-08-09 15:30:08 INFO: Listed files in directory .
2024-08-09 15:30:22 INFO: Copied file from test.txt to test1.txt
2024-08-09 15:31:02 INFO: Listed files in directory .
2024-08-09 15:34:05 INFO: Moved file from test1.txt to test2.txt
2024-08-09 15:34:10 INFO: Listed files in directory .
2024-08-09 15:34:19 INFO: Deleted file test2.txt
2024-08-09 15:35:31 INFO: Deleted file test.txt
2024-08-09 15:35:41 INFO: Exited the application
